17:19:03,573  INFO main W3SchoolsSteps:beforeTests:26 - The w3schools cucumber test is started
17:19:10,357  INFO main W3SchoolsSteps:afterTests:32 - The w3schools cucumber test is finished
17:19:11,986  INFO main DemoQASteps:beforeTests:23 - The demoQA cucumber test is started
17:19:15,441  INFO main DemoQASteps:afterTests:29 - The demoQA cucumber test is finished
17:19:17,005  INFO main BookingSteps:beforeTests:33 - The booking cucumber test is started
17:19:51,529  INFO main BookingSteps:afterTests:39 - The booking cucumber test is finished
17:19:53,185  INFO main BookingSteps:beforeTests:33 - The booking cucumber test is started
17:20:03,847  INFO main BookingSteps:afterTests:39 - The booking cucumber test is finished
17:20:05,459  INFO main BookingSteps:beforeTests:33 - The booking cucumber test is started
17:20:15,460  INFO main BookingSteps:afterTests:39 - The booking cucumber test is finished
17:20:16,631  INFO main BookingSteps:beforeTests:33 - The booking cucumber test is started
17:20:35,536  INFO main BookingSteps:afterTests:39 - The booking cucumber test is finished
17:20:37,195  INFO main BookingSteps:beforeTests:33 - The booking cucumber test is started
17:20:43,361  INFO main BookingSteps:afterTests:39 - The booking cucumber test is finished
17:20:44,992  INFO main BookingSteps:beforeTests:33 - The booking cucumber test is started
17:20:51,203  INFO main BookingSteps:afterTests:39 - The booking cucumber test is finished
17:20:52,805  INFO main BookingTests:beforeTests:29 - The booking junit test is started
17:20:59,278  INFO main BookingTests:afterTests:35 - The booking junit test is finished
17:21:00,344  INFO main BookingTests:beforeTests:29 - The booking junit test is started
17:21:15,989  INFO main BookingTests:afterTests:35 - The booking junit test is finished
17:21:17,961  INFO main BookingTests:beforeTests:29 - The booking junit test is started
17:21:33,699  INFO main BookingTests:afterTests:35 - The booking junit test is finished
17:21:35,698  INFO main BookingTests:beforeTests:29 - The booking junit test is started
17:21:41,891  INFO main BookingTests:afterTests:35 - The booking junit test is finished
17:21:43,419  INFO main BookingTests:beforeTests:29 - The booking junit test is started
17:21:59,126  INFO main BookingTests:afterTests:35 - The booking junit test is finished
17:22:01,084  INFO main BookingTests:beforeTests:29 - The booking junit test is started
17:22:16,950  INFO main BookingTests:afterTests:35 - The booking junit test is finished
17:22:18,683  INFO main DemoQATests:beforeTests:21 - The demoQA junit test is started
17:22:21,906  INFO main DemoQATests:afterTests:27 - The demoQA junit test is finished
17:22:23,475  INFO main W3SchoolsTests:beforeTests:27 - The w3schools junit test is started
17:22:24,962  INFO main W3SchoolsTests:afterTests:33 - The w3schools junit test is finished
17:25:41,956  INFO main BookingTests:beforeTests:29 - The booking junit test is started
17:25:51,974  INFO main BookingTests:afterTests:35 - The booking junit test is finished
17:26:44,647  INFO main BookingTests:beforeTests:29 - The booking junit test is started
17:26:57,594  INFO main BookingTests:afterTests:35 - The booking junit test is finished
17:31:29,729  INFO main BookingTests:beforeTests:29 - The booking junit test is started
17:31:45,414  INFO main BookingTests:afterTests:35 - The booking junit test is finished
17:32:07,479  INFO main BookingTests:beforeTests:29 - The booking junit test is started
17:32:17,118  INFO main BookingTests:afterTests:35 - The booking junit test is finished
17:32:40,472  INFO main BookingSteps:beforeTests:33 - The booking cucumber test is started
17:32:53,231  INFO main BookingSteps:afterTests:39 - The booking cucumber test is finished
17:34:36,767  INFO main BookingTests:beforeTests:29 - The booking junit test is started
17:34:48,278  INFO main BookingTests:afterTests:35 - The booking junit test is finished
21:39:02,015  INFO main DemoQATestNGTests:beforeTests:22 - The demoQA testNG test is started
21:39:02,608  INFO main W3SchoolsTestNGTests:beforeTests:26 - The w3schools testNG test is started
21:39:02,650  INFO main BookingTestNGTests:beforeTests:28 - The booking testNG test is started
21:39:15,725  INFO main BookingTestNGTests:afterTests:34 - The booking testNG test is finished
21:39:17,668  INFO main BookingTestNGTests:beforeTests:28 - The booking testNG test is started
21:39:18,564  INFO main BookingTestNGTests:afterTests:34 - The booking testNG test is finished
21:39:20,221  INFO main BookingTestNGTests:beforeTests:28 - The booking testNG test is started
21:39:21,443  INFO main BookingTestNGTests:afterTests:34 - The booking testNG test is finished
21:39:23,091  INFO main BookingTestNGTests:beforeTests:28 - The booking testNG test is started
21:39:23,962  INFO main BookingTestNGTests:afterTests:34 - The booking testNG test is finished
21:39:25,465  INFO main BookingTestNGTests:beforeTests:28 - The booking testNG test is started
21:39:26,782  INFO main BookingTestNGTests:afterTests:34 - The booking testNG test is finished
21:39:28,515  INFO main BookingTestNGTests:beforeTests:28 - The booking testNG test is started
21:39:29,354  INFO main BookingTestNGTests:afterTests:34 - The booking testNG test is finished
21:45:02,258  INFO main BookingTests:beforeTests:29 - The booking junit test is started
21:45:15,111  INFO main BookingTests:afterTests:35 - The booking junit test is finished
21:45:42,266  INFO main BookingTestNGTests:beforeTests:28 - The booking testNG test is started
21:45:54,359  INFO main BookingTestNGTests:afterTests:34 - The booking testNG test is finished
21:46:45,658  INFO main BookingTestNGTests:beforeTests:28 - The booking testNG test is started
21:46:45,675  INFO main DemoQATestNGTests:beforeTests:22 - The demoQA testNG test is started
21:46:45,687  INFO main W3SchoolsTestNGTests:beforeTests:26 - The w3schools testNG test is started
21:52:51,078  INFO main BookingTestNGTests:beforeTests:28 - The booking testNG test is started
21:52:51,095  INFO main DemoQATestNGTests:beforeTests:22 - The demoQA testNG test is started
21:52:51,107  INFO main W3SchoolsTestNGTests:beforeTests:26 - The w3schools testNG test is started
21:53:48,920  INFO main DemoQATestNGTests:beforeTests:22 - The demoQA testNG test is started
21:53:48,936  INFO main W3SchoolsTestNGTests:beforeTests:26 - The w3schools testNG test is started
21:53:48,978  INFO main BookingTestNGTests:beforeTests:28 - The booking testNG test is started
21:54:00,560  INFO main BookingTestNGTests:afterTests:34 - The booking testNG test is finished
21:54:02,157  INFO main BookingTestNGTests:beforeTests:28 - The booking testNG test is started
21:54:02,893  INFO main BookingTestNGTests:afterTests:34 - The booking testNG test is finished
21:54:04,526  INFO main BookingTestNGTests:beforeTests:28 - The booking testNG test is started
21:54:05,350  INFO main BookingTestNGTests:afterTests:34 - The booking testNG test is finished
21:56:35,283  INFO main DemoQATestNGTests:beforeTests:22 - The demoQA testNG test is started
21:56:35,300  INFO main W3SchoolsTestNGTests:beforeTests:26 - The w3schools testNG test is started
21:56:35,349  INFO main BookingTestNGTests:beforeTests:28 - The booking testNG test is started
21:56:47,162  INFO main BookingTestNGTests:afterTests:34 - The booking testNG test is finished
21:56:48,822  INFO main BookingTestNGTests:beforeTests:28 - The booking testNG test is started
21:56:49,719  INFO main BookingTestNGTests:afterTests:34 - The booking testNG test is finished
21:56:51,494  INFO main BookingTestNGTests:beforeTests:28 - The booking testNG test is started
21:56:52,298  INFO main BookingTestNGTests:afterTests:34 - The booking testNG test is finished
21:56:53,810  INFO main BookingTestNGTests:beforeTests:28 - The booking testNG test is started
21:56:54,551  INFO main BookingTestNGTests:afterTests:34 - The booking testNG test is finished
22:00:28,136  INFO main DemoQATestNGTests:beforeTests:22 - The demoQA testNG test is started
22:00:28,181  INFO main W3SchoolsTestNGTests:beforeTests:26 - The w3schools testNG test is started
22:00:28,236  INFO main BookingTestNGTests:beforeTests:28 - The booking testNG test is started
22:00:44,166  INFO main BookingTestNGTests:afterTests:34 - The booking testNG test is finished
22:00:46,076  INFO main BookingTestNGTests:beforeTests:28 - The booking testNG test is started
22:00:46,875  INFO main BookingTestNGTests:afterTests:34 - The booking testNG test is finished
22:00:48,359  INFO main BookingTestNGTests:beforeTests:28 - The booking testNG test is started
22:00:49,189  INFO main BookingTestNGTests:afterTests:34 - The booking testNG test is finished
22:00:50,766  INFO main BookingTestNGTests:beforeTests:28 - The booking testNG test is started
22:00:51,599  INFO main BookingTestNGTests:afterTests:34 - The booking testNG test is finished
22:00:52,581  INFO main BookingTestNGTests:beforeTests:28 - The booking testNG test is started
22:00:53,377  INFO main BookingTestNGTests:afterTests:34 - The booking testNG test is finished
22:00:54,894  INFO main BookingTestNGTests:beforeTests:28 - The booking testNG test is started
22:00:55,674  INFO main BookingTestNGTests:afterTests:34 - The booking testNG test is finished
22:01:52,687  INFO main W3SchoolsSteps:beforeTests:26 - The w3schools cucumber test is started
22:02:06,362  INFO main W3SchoolsSteps:afterTests:32 - The w3schools cucumber test is finished
22:02:08,130  INFO main DemoQASteps:beforeTests:23 - The demoQA cucumber test is started
22:02:13,015  INFO main DemoQASteps:afterTests:29 - The demoQA cucumber test is finished
22:02:14,261  INFO main BookingSteps:beforeTests:33 - The booking cucumber test is started
22:02:49,740  INFO main BookingSteps:afterTests:39 - The booking cucumber test is finished
22:02:51,518  INFO main BookingSteps:beforeTests:33 - The booking cucumber test is started
22:03:01,323  INFO main BookingSteps:afterTests:39 - The booking cucumber test is finished
22:03:02,909  INFO main BookingSteps:beforeTests:33 - The booking cucumber test is started
22:03:13,976  INFO main BookingSteps:afterTests:39 - The booking cucumber test is finished
22:03:15,621  INFO main BookingSteps:beforeTests:33 - The booking cucumber test is started
22:03:44,933  INFO main BookingSteps:afterTests:39 - The booking cucumber test is finished
22:03:46,621  INFO main BookingSteps:beforeTests:33 - The booking cucumber test is started
22:03:52,625  INFO main BookingSteps:afterTests:39 - The booking cucumber test is finished
22:03:53,690  INFO main BookingSteps:beforeTests:33 - The booking cucumber test is started
22:04:07,451  INFO main BookingSteps:afterTests:39 - The booking cucumber test is finished
22:04:08,595  INFO main BookingTests:beforeTests:29 - The booking junit test is started
22:04:14,198  INFO main BookingTests:afterTests:35 - The booking junit test is finished
22:04:15,829  INFO main BookingTests:beforeTests:29 - The booking junit test is started
22:04:31,406  INFO main BookingTests:afterTests:35 - The booking junit test is finished
22:04:32,977  INFO main BookingTests:beforeTests:29 - The booking junit test is started
22:04:48,387  INFO main BookingTests:afterTests:35 - The booking junit test is finished
22:04:50,185  INFO main BookingTests:beforeTests:29 - The booking junit test is started
22:04:55,973  INFO main BookingTests:afterTests:35 - The booking junit test is finished
22:04:57,532  INFO main BookingTests:beforeTests:29 - The booking junit test is started
22:05:12,813  INFO main BookingTests:afterTests:35 - The booking junit test is finished
22:05:14,424  INFO main BookingTests:beforeTests:29 - The booking junit test is started
22:05:30,252  INFO main BookingTests:afterTests:35 - The booking junit test is finished
22:05:31,931  INFO main DemoQATests:beforeTests:21 - The demoQA junit test is started
22:05:36,200  INFO main DemoQATests:afterTests:27 - The demoQA junit test is finished
22:05:37,877  INFO main W3SchoolsTests:beforeTests:27 - The w3schools junit test is started
22:05:45,747  INFO main W3SchoolsTests:afterTests:33 - The w3schools junit test is finished
22:07:25,041  INFO main BookingTests:beforeTests:29 - The booking junit test is started
22:07:32,232  INFO main BookingTests:afterTests:35 - The booking junit test is finished
22:08:08,333  INFO main BookingTests:beforeTests:29 - The booking junit test is started
22:08:15,941  INFO main BookingTests:afterTests:35 - The booking junit test is finished
22:12:34,029  INFO main BookingTests:beforeTests:29 - The booking junit test is started
22:12:41,790  INFO main BookingTests:afterTests:35 - The booking junit test is finished
22:19:43,510  INFO main BookingTests:beforeTests:29 - The booking junit test is started
22:26:06,727  INFO main BookingTests:beforeTests:29 - The booking junit test is started
22:26:15,676  INFO main BookingTests:afterTests:35 - The booking junit test is finished
22:29:37,955  INFO main BookingTests:beforeTests:29 - The booking junit test is started
22:29:45,357  INFO main BookingTests:afterTests:35 - The booking junit test is finished
22:52:52,506  INFO main BookingTests:beforeTests:29 - The booking junit test is started
22:53:06,242  INFO main BookingTests:afterTests:35 - The booking junit test is finished
22:53:32,592  INFO main BookingTestNGTests:beforeTests:28 - The booking testNG test is started
22:53:47,712  INFO main BookingTestNGTests:afterTests:34 - The booking testNG test is finished
22:54:25,509  INFO main DemoQATestNGTests:beforeTests:22 - The demoQA testNG test is started
22:54:25,525  INFO main W3SchoolsTestNGTests:beforeTests:26 - The w3schools testNG test is started
22:54:25,566  INFO main BookingTestNGTests:beforeTests:28 - The booking testNG test is started
22:54:37,179  INFO main BookingTestNGTests:afterTests:34 - The booking testNG test is finished
22:54:38,913  INFO main BookingTestNGTests:beforeTests:28 - The booking testNG test is started
22:54:39,783  INFO main BookingTestNGTests:afterTests:34 - The booking testNG test is finished
22:54:41,295  INFO main BookingTestNGTests:beforeTests:28 - The booking testNG test is started
22:54:42,325  INFO main BookingTestNGTests:afterTests:34 - The booking testNG test is finished
22:54:43,434  INFO main BookingTestNGTests:beforeTests:28 - The booking testNG test is started
22:54:44,300  INFO main BookingTestNGTests:afterTests:34 - The booking testNG test is finished
22:54:45,906  INFO main BookingTestNGTests:beforeTests:28 - The booking testNG test is started
22:54:46,738  INFO main BookingTestNGTests:afterTests:34 - The booking testNG test is finished
22:54:48,344  INFO main BookingTestNGTests:beforeTests:28 - The booking testNG test is started
22:54:49,171  INFO main BookingTestNGTests:afterTests:34 - The booking testNG test is finished
